<?xml version="1.0" encoding="UTF-8"?>
<testsuite xmlns:xsi="http://www.w3.org/2001/XMLSchema-instance" xsi:noNamespaceSchemaLocation="https://maven.apache.org/surefire/maven-surefire-plugin/xsd/surefire-test-report-3.0.xsd" version="3.0" name="com.cognizant.springlearn.SpringLearnApplicationTests" time="12.513" tests="3" errors="0" skipped="0" failures="0">
  <properties>
[...]
</properties>
  <testcase name="testGetCountryException" classname="com.cognizant.springlearn.SpringLearnApplicationTests" time="2.29">
    <system-out><![CDATA[23:20:35.583 [main] INFO org.springframework.test.context.support.AnnotationConfigContextLoaderUtils -- Could not detect default configuration classes for test class [com.cognizant.springlearn.SpringLearnApplicationTests]: SpringLearnApplicationTests does not declare any static, non-private, non-final, nested classes annotated with @Configuration.
23:20:36.131 [main] INFO org.springframework.boot.test.context.SpringBootTestContextBootstrapper -- Found @SpringBootConfiguration com.cognizant.springlearn.SpringLearnApplication for test class com.cognizant.springlearn.SpringLearnApplicationTests
23:20:36.673 [main] INFO org.springframework.boot.devtools.restart.RestartApplicationListener -- Restart disabled due to context in which it is running

  .   ____          _            __ _ _
 /\\ / ___'_ __ _ _(_)_ __  __ _ \ \ \ \
( ( )\___ | '_ | '_| | '_ \/ _` | \ \ \ \
 \\/  ___)| |_)| | | | | || (_| |  ) ) ) )
  '  |____| .__|_| |_|_| |_\__, | / / / /
 =========|_|==============|___/=/_/_/_/
 :: Spring Boot ::                (v3.2.5)

260704|23:20:37.949|main                | INFO|ringLearnApplicationTests|              logStarting|Starting SpringLearnApplicationTests using Java 23.0.1 with PID 10004 (started by princ in C:\Users\princ\Downloads\spring-rest-handson (1)\spring-rest-handson)
260704|23:20:37.956|main                |DEBUG|ringLearnApplicationTests|              logStarting|Running with Spring Boot v3.2.5, Spring v6.1.6
260704|23:20:37.958|main                | INFO|ringLearnApplicationTests|    logStartupProfileInfo|No active profile set, falling back to 1 default profile: "default"
260704|23:20:42.283|main                | INFO|c.c.s.dao.CountryDao     |                   <init>|Start
260704|23:20:42.560|main                |DEBUG|c.c.s.model.Country      |                   <init>|Inside Country Constructor.
260704|23:20:42.582|main                |DEBUG|c.c.s.model.Country      |                  setCode|setCode: IN
260704|23:20:42.587|main                |DEBUG|c.c.s.model.Country      |                  setName|setName: India
260704|23:20:42.588|main                |DEBUG|c.c.s.model.Country      |                   <init>|Inside Country Constructor.
260704|23:20:42.588|main                |DEBUG|c.c.s.model.Country      |                  setCode|setCode: US
260704|23:20:42.589|main                |DEBUG|c.c.s.model.Country      |                  setName|setName: United States
260704|23:20:42.590|main                |DEBUG|c.c.s.model.Country      |                   <init>|Inside Country Constructor.
260704|23:20:42.591|main                |DEBUG|c.c.s.model.Country      |                  setCode|setCode: DE
260704|23:20:42.592|main                |DEBUG|c.c.s.model.Country      |                  setName|setName: Germany
260704|23:20:42.594|main                |DEBUG|c.c.s.model.Country      |                   <init>|Inside Country Constructor.
260704|23:20:42.595|main                |DEBUG|c.c.s.model.Country      |                  setCode|setCode: JP
260704|23:20:42.596|main                |DEBUG|c.c.s.model.Country      |                  setName|setName: Japan
260704|23:20:42.613|main                | INFO|c.c.s.dao.CountryDao     |                   <init>|End
260704|23:20:42.616|main                |DEBUG|c.c.s.c.CountryController|                   <init>|CountryController created
260704|23:20:42.622|main                | INFO|c.c.s.dao.DepartmentDao  |                   <init>|Start
260704|23:20:42.814|main                | INFO|c.c.s.dao.DepartmentDao  |                   <init>|End
260704|23:20:42.839|main                | INFO|c.c.s.dao.EmployeeDao    |                   <init>|Start
260704|23:20:42.940|main                | INFO|c.c.s.dao.EmployeeDao    |                   <init>|End
260704|23:20:44.093|main                | INFO|.s.JwtAuthorizationFilter|                   <init>|Start
260704|23:20:44.164|main                | INFO|efaultSecurityFilterChain|                   <init>|Will secure any request with [org.springframework.security.web.session.DisableEncodeUrlFilter@3e214105, org.springframework.security.web.context.request.async.WebAsyncManagerIntegrationFilter@da4cf09, org.springframework.security.web.context.SecurityContextHolderFilter@7741771e, org.springframework.security.web.header.HeaderWriterFilter@115dcaea, org.springframework.web.filter.CorsFilter@1980a3f, org.springframework.security.web.authentication.logout.LogoutFilter@28157173, com.cognizant.springlearn.security.JwtAuthorizationFilter@67f63d26, org.springframework.security.web.authentication.www.BasicAuthenticationFilter@2287395, org.springframework.security.web.savedrequest.RequestCacheAwareFilter@6cae2e4d, org.springframework.security.web.servletapi.SecurityContextHolderAwareRequestFilter@604d23fa, org.springframework.security.web.authentication.AnonymousAuthenticationFilter@536b71b4, org.springframework.security.web.access.ExceptionTranslationFilter@996a546, org.springframework.security.web.access.intercept.AuthorizationFilter@5f8d9767]
260704|23:20:44.837|main                | INFO|ingBootMockServletContext|                      log|Initializing Spring TestDispatcherServlet ''
260704|23:20:44.839|main                | INFO|w.s.TestDispatcherServlet|          initServletBean|Initializing Servlet ''
260704|23:20:44.842|main                | INFO|w.s.TestDispatcherServlet|          initServletBean|Completed initialization in 2 ms
260704|23:20:44.881|main                | INFO|ringLearnApplicationTests|               logStarted|Started SpringLearnApplicationTests in 8.246 seconds (process running for 12.708)
260704|23:20:47.126|main                | INFO|.s.JwtAuthorizationFilter|         doFilterInternal|Start
260704|23:20:47.127|main                |DEBUG|.s.JwtAuthorizationFilter|         doFilterInternal|Authorization header: null
260704|23:20:47.168|main                | INFO|c.c.s.c.CountryController|               getCountry|Start
260704|23:20:47.168|main                | INFO|c.c.s.s.CountryService   |               getCountry|Start
260704|23:20:47.169|main                |DEBUG|c.c.s.model.Country      |                  getCode|getCode: IN
260704|23:20:47.170|main                |DEBUG|c.c.s.model.Country      |                  getCode|getCode: US
260704|23:20:47.171|main                |DEBUG|c.c.s.model.Country      |                  getCode|getCode: DE
260704|23:20:47.171|main                |DEBUG|c.c.s.model.Country      |                  getCode|getCode: JP
]]></system-out>
    <system-err><![CDATA[WARNING: A Java agent has been loaded dynamically (C:\Users\princ\.m2\repository\net\bytebuddy\byte-buddy-agent\1.14.13\byte-buddy-agent-1.14.13.jar)
WARNING: If a serviceability tool is in use, please run with -XX:+EnableDynamicAgentLoading to hide this warning
WARNING: If a serviceability tool is not in use, please run with -Djdk.instrument.traceUsage for more information
WARNING: Dynamic loading of agents will be disallowed by default in a future release
]]></system-err>
  </testcase>
  <testcase name="contextLoads" classname="com.cognizant.springlearn.SpringLearnApplicationTests" time="0.012"/>
  <testcase name="testGetCountry" classname="com.cognizant.springlearn.SpringLearnApplicationTests" time="0.203">
    <system-out><![CDATA[260704|23:20:47.241|main                | INFO|.s.JwtAuthorizationFilter|         doFilterInternal|Start
260704|23:20:47.242|main                |DEBUG|.s.JwtAuthorizationFilter|         doFilterInternal|Authorization header: null
260704|23:20:47.245|main                | INFO|c.c.s.c.CountryController|          getCountryIndia|Start
260704|23:20:47.246|main                |DEBUG|c.c.s.model.Country      |                   <init>|Inside Country Constructor.
260704|23:20:47.246|main                |DEBUG|c.c.s.model.Country      |                  setCode|setCode: IN
260704|23:20:47.247|main                |DEBUG|c.c.s.model.Country      |                  setName|setName: India
260704|23:20:47.247|main                | INFO|c.c.s.c.CountryController|          getCountryIndia|End
260704|23:20:47.354|main                |DEBUG|c.c.s.model.Country      |                  getCode|getCode: IN
260704|23:20:47.356|main                |DEBUG|c.c.s.model.Country      |                  getName|getName: India
]]></system-out>
  </testcase>
</testsuite>